\BOOKMARK [0][-]{chapter.1}{Introduction}{}% 1
\BOOKMARK [1][-]{section.1.1}{Motivation}{chapter.1}% 2
\BOOKMARK [1][-]{section.1.2}{Objective}{chapter.1}% 3
\BOOKMARK [1][-]{section.1.3}{Structure of Review}{chapter.1}% 4
\BOOKMARK [0][-]{chapter.2}{Method}{}% 5
\BOOKMARK [1][-]{section.2.1}{Search terms}{chapter.2}% 6
\BOOKMARK [1][-]{section.2.2}{Screening method}{chapter.2}% 7
\BOOKMARK [0][-]{chapter.3}{Time Series Clustering}{}% 8
\BOOKMARK [1][-]{section.3.1}{Types of Times-Series Clustering}{chapter.3}% 9
\BOOKMARK [1][-]{section.3.2}{Representation Methods}{chapter.3}% 10
\BOOKMARK [1][-]{section.3.3}{Time Series Models}{chapter.3}% 11
\BOOKMARK [2][-]{subsection.3.3.1}{Autoregressive Moving Average Models}{section.3.3}% 12
\BOOKMARK [2][-]{subsection.3.3.2}{Hidden Markov Models}{section.3.3}% 13
\BOOKMARK [1][-]{section.3.4}{Similarity Metrics}{chapter.3}% 14
\BOOKMARK [1][-]{section.3.5}{Clustering Algorithms}{chapter.3}% 15
\BOOKMARK [1][-]{section.3.6}{Evaluation Indices}{chapter.3}% 16
\BOOKMARK [0][-]{chapter.4}{Wind Turbine Monitoring}{}% 17
\BOOKMARK [1][-]{section.4.1}{Wind turbine Components}{chapter.4}% 18
\BOOKMARK [1][-]{section.4.2}{Sensors and Data Acquisition}{chapter.4}% 19
\BOOKMARK [1][-]{section.4.3}{Machine learning techniques}{chapter.4}% 20
\BOOKMARK [2][-]{subsection.4.3.1}{Feature extraction}{section.4.3}% 21
\BOOKMARK [2][-]{subsection.4.3.2}{Supervised learning models}{section.4.3}% 22
\BOOKMARK [2][-]{subsection.4.3.3}{Semi-supervised learning models}{section.4.3}% 23
\BOOKMARK [0][-]{chapter.5}{Discussion}{}% 24
\BOOKMARK [0][-]{chapter.6}{Conclusion}{}% 25
\BOOKMARK [0][-]{chapter.7}{Questions for Pierluigi and Gerthory}{}% 26
\BOOKMARK [0][-]{chapter.8}{Appendices}{}% 27
\BOOKMARK [1][-]{section.8.1}{Machine learning methods for wind turbine condition monitoring}{chapter.8}% 28
