This is pdfTeX, Version 3.14159265-2.6-1.40.20 (TeX Live 2019/Debian) (preloaded format=pdflatex 2019.11.14)  15 NOV 2019 22:22
entering extended mode
 restricted \write18 enabled.
 file:line:error style messages enabled.
 %&-line parsing enabled.
**/home/yohannjs/Documents/project_assigment/project_assignment.tex
(/home/yohannjs/Documents/project_assigment/project_assignment.tex
LaTeX2e <2019-10-01> patch level 3
(/usr/share/texlive/texmf-dist/tex/latex/base/report.cls
Document Class: report 2019/10/25 v1.4k Standard LaTeX document class
(/usr/share/texlive/texmf-dist/tex/latex/base/size11.clo
File: size11.clo 2019/10/25 v1.4k Standard LaTeX file (size option)
)
\c@part=\count80
\c@chapter=\count81
\c@section=\count82
\c@subsection=\count83
\c@subsubsection=\count84
\c@paragraph=\count85
\c@subparagraph=\count86
\c@figure=\count87
\c@table=\count88
\abovecaptionskip=\skip41
\belowcaptionskip=\skip42
\bibindent=\dimen102
) (/usr/share/texlive/texmf-dist/tex/generic/babel/babel.sty
Package: babel 2019/10/15 3.35 The Babel package
 (/usr/share/texlive/texmf-dist/tex/generic/babel/switch.def
File: switch.def 2019/10/15 3.35 Babel switching mechanism
) (/usr/share/texlive/texmf-dist/tex/generic/babel-english/english.ldf
Language: english 2017/06/06 v3.3r English support from the babel system
 (/usr/share/texlive/texmf-dist/tex/generic/babel/babel.def
File: babel.def 2019/10/15 3.35 Babel common definitions
\babel@savecnt=\count89
\U@D=\dimen103
 (/usr/share/texlive/texmf-dist/tex/generic/babel/txtbabel.def)
\bbl@dirlevel=\count90
)
\l@canadian = a dialect from \language\l@american 
\l@australian = a dialect from \language\l@british 
\l@newzealand = a dialect from \language\l@british 
)) (/usr/share/texlive/texmf-dist/tex/latex/base/inputenc.sty
Package: inputenc 2018/08/11 v1.3c Input encoding file
\inpenc@prehook=\toks14
\inpenc@posthook=\toks15
) (/usr/share/texlive/texmf-dist/tex/latex/amsmath/amsmath.sty
Package: amsmath 2019/04/01 v2.17c AMS math features
\@mathmargin=\skip43

For additional information on amsmath, use the `?' option.
(/usr/share/texlive/texmf-dist/tex/latex/amsmath/amstext.sty
Package: amstext 2000/06/29 v2.01 AMS text
 (/usr/share/texlive/texmf-dist/tex/latex/amsmath/amsgen.sty
File: amsgen.sty 1999/11/30 v2.0 generic functions
\@emptytoks=\toks16
\ex@=\dimen104
)) (/usr/share/texlive/texmf-dist/tex/latex/amsmath/amsbsy.sty
Package: amsbsy 1999/11/29 v1.2d Bold Symbols
\pmbraise@=\dimen105
) (/usr/share/texlive/texmf-dist/tex/latex/amsmath/amsopn.sty
Package: amsopn 2016/03/08 v2.02 operator names
)
\inf@bad=\count91
LaTeX Info: Redefining \frac on input line 227.
\uproot@=\count92
\leftroot@=\count93
LaTeX Info: Redefining \overline on input line 389.
\classnum@=\count94
\DOTSCASE@=\count95
LaTeX Info: Redefining \ldots on input line 486.
LaTeX Info: Redefining \dots on input line 489.
LaTeX Info: Redefining \cdots on input line 610.
\Mathstrutbox@=\box27
\strutbox@=\box28
\big@size=\dimen106
LaTeX Font Info:    Redeclaring font encoding OML on input line 733.
LaTeX Font Info:    Redeclaring font encoding OMS on input line 734.
\macc@depth=\count96
\c@MaxMatrixCols=\count97
\dotsspace@=\muskip10
\c@parentequation=\count98
\dspbrk@lvl=\count99
\tag@help=\toks17
\row@=\count100
\column@=\count101
\maxfields@=\count102
\andhelp@=\toks18
\eqnshift@=\dimen107
\alignsep@=\dimen108
\tagshift@=\dimen109
\tagwidth@=\dimen110
\totwidth@=\dimen111
\lineht@=\dimen112
\@envbody=\toks19
\multlinegap=\skip44
\multlinetaggap=\skip45
\mathdisplay@stack=\toks20
LaTeX Info: Redefining \[ on input line 2855.
LaTeX Info: Redefining \] on input line 2856.
) (/usr/share/texlive/texmf-dist/tex/latex/amsfonts/amsfonts.sty
Package: amsfonts 2013/01/14 v3.01 Basic AMSFonts support
\symAMSa=\mathgroup4
\symAMSb=\mathgroup5
LaTeX Font Info:    Redeclaring math symbol \hbar on input line 98.
LaTeX Font Info:    Overwriting math alphabet `\mathfrak' in version `bold'
(Font)                  U/euf/m/n --> U/euf/b/n on input line 106.
) (/usr/share/texlive/texmf-dist/tex/latex/amscls/amsthm.sty
Package: amsthm 2017/10/31 v2.20.4
\thm@style=\toks21
\thm@bodyfont=\toks22
\thm@headfont=\toks23
\thm@notefont=\toks24
\thm@headpunct=\toks25
\thm@preskip=\skip46
\thm@postskip=\skip47
\thm@headsep=\skip48
\dth@everypar=\toks26
) (/usr/share/texlive/texmf-dist/tex/latex/tools/bm.sty
Package: bm 2019/07/24 v1.2d Bold Symbol Support (DPC/FMi)
\symboldoperators=\mathgroup6
\symboldletters=\mathgroup7
\symboldsymbols=\mathgroup8
LaTeX Font Info:    Redeclaring math alphabet \mathbf on input line 141.
LaTeX Info: Redefining \bm on input line 209.
) (/usr/share/texlive/texmf-dist/tex/latex/graphics/graphicx.sty
Package: graphicx 2017/06/01 v1.1a Enhanced LaTeX Graphics (DPC,SPQR)
 (/usr/share/texlive/texmf-dist/tex/latex/graphics/keyval.sty
Package: keyval 2014/10/28 v1.15 key=value parser (DPC)
\KV@toks@=\toks27
) (/usr/share/texlive/texmf-dist/tex/latex/graphics/graphics.sty
Package: graphics 2019/11/01 v1.3d Standard LaTeX Graphics (DPC,SPQR)
 (/usr/share/texlive/texmf-dist/tex/latex/graphics/trig.sty
Package: trig 2016/01/03 v1.10 sin cos tan (DPC)
) (/usr/share/texlive/texmf-dist/tex/latex/graphics-cfg/graphics.cfg
File: graphics.cfg 2016/06/04 v1.11 sample graphics configuration
)
Package graphics Info: Driver file: pdftex.def on input line 105.
 (/usr/share/texlive/texmf-dist/tex/latex/graphics-def/pdftex.def
File: pdftex.def 2018/01/08 v1.0l Graphics/color driver for pdftex
))
\Gin@req@height=\dimen113
\Gin@req@width=\dimen114
) (/usr/share/texlive/texmf-dist/tex/latex/fancyhdr/fancyhdr.sty
Package: fancyhdr 2019/01/31 v3.10 Extensive control of page headers and footers
\f@nch@headwidth=\skip49
\f@nch@O@elh=\skip50
\f@nch@O@erh=\skip51
\f@nch@O@olh=\skip52
\f@nch@O@orh=\skip53
\f@nch@O@elf=\skip54
\f@nch@O@erf=\skip55
\f@nch@O@olf=\skip56
\f@nch@O@orf=\skip57
) (/usr/share/texlive/texmf-dist/tex/latex/lastpage/lastpage.sty
Package: lastpage 2015/03/29 v1.2m Refers to last page's name (HMM; JPG)
) (/usr/share/texlive/texmf-dist/tex/latex/hyperref/hyperref.sty
Package: hyperref 2019/11/10 v7.00c Hypertext links for LaTeX
 (/usr/share/texlive/texmf-dist/tex/generic/oberdiek/ltxcmds.sty
Package: ltxcmds 2016/05/16 v1.23 LaTeX kernel commands for general use (HO)
) (/usr/share/texlive/texmf-dist/tex/generic/iftex/iftex.sty
Package: iftex 2019/11/07 v1.0c TeX engine tests
) (/usr/share/texlive/texmf-dist/tex/generic/oberdiek/pdftexcmds.sty
Package: pdftexcmds 2019/07/25 v0.30 Utility functions of pdfTeX for LuaTeX (HO)
 (/usr/share/texlive/texmf-dist/tex/generic/oberdiek/infwarerr.sty
Package: infwarerr 2016/05/16 v1.4 Providing info/warning/error messages (HO)
) (/usr/share/texlive/texmf-dist/tex/generic/iftex/ifluatex.sty
Package: ifluatex 2019/10/25 v1.5 ifluatex legacy package. Use iftex instead.
) (/usr/share/texlive/texmf-dist/tex/generic/iftex/ifpdf.sty
Package: ifpdf 2019/10/25 v3.4 ifpdf legacy package. Use iftex instead.
)
Package pdftexcmds Info: LuaTeX not detected.
Package pdftexcmds Info: \pdf@primitive is available.
Package pdftexcmds Info: \pdf@ifprimitive is available.
Package pdftexcmds Info: \pdfdraftmode found.
) (/usr/share/texlive/texmf-dist/tex/generic/oberdiek/kvsetkeys.sty
Package: kvsetkeys 2016/05/16 v1.17 Key value parser (HO)
 (/usr/share/texlive/texmf-dist/tex/generic/oberdiek/etexcmds.sty
Package: etexcmds 2016/05/16 v1.6 Avoid name clashes with e-TeX commands (HO)
)) (/usr/share/texlive/texmf-dist/tex/generic/oberdiek/kvdefinekeys.sty
Package: kvdefinekeys 2016/05/16 v1.4 Define keys (HO)
) (/usr/share/texlive/texmf-dist/tex/generic/oberdiek/pdfescape.sty
Package: pdfescape 2016/05/16 v1.14 Implements pdfTeX's escape features (HO)
) (/usr/share/texlive/texmf-dist/tex/latex/oberdiek/hycolor.sty
Package: hycolor 2016/05/16 v1.8 Color options for hyperref/bookmark (HO)
 (/usr/share/texlive/texmf-dist/tex/latex/oberdiek/xcolor-patch.sty
Package: xcolor-patch 2016/05/16 xcolor patch
 (/usr/share/texlive/texmf-dist/tex/latex/oberdiek/hopatch.sty
Package: hopatch 2016/05/16 v1.3 Wrapper for package hooks (HO)
))) (/usr/share/texlive/texmf-dist/tex/latex/oberdiek/letltxmacro.sty
Package: letltxmacro 2016/05/16 v1.5 Let assignment for LaTeX macros (HO)
) (/usr/share/texlive/texmf-dist/tex/latex/oberdiek/auxhook.sty
Package: auxhook 2016/05/16 v1.4 Hooks for auxiliary files (HO)
) (/usr/share/texlive/texmf-dist/tex/latex/oberdiek/kvoptions.sty
Package: kvoptions 2016/05/16 v3.12 Key value format for package options (HO)
)
\@linkdim=\dimen115
\Hy@linkcounter=\count103
\Hy@pagecounter=\count104
 (/usr/share/texlive/texmf-dist/tex/latex/hyperref/pd1enc.def
File: pd1enc.def 2019/11/10 v7.00c Hyperref: PDFDocEncoding definition (HO)
Now handling font encoding PD1 ...
... no UTF-8 mapping file for font encoding PD1
) (/usr/share/texlive/texmf-dist/tex/generic/oberdiek/intcalc.sty
Package: intcalc 2016/05/16 v1.2 Expandable calculations with integers (HO)
)
\Hy@SavedSpaceFactor=\count105
 (/usr/share/texlive/texmf-dist/tex/latex/latexconfig/hyperref.cfg
File: hyperref.cfg 2002/06/06 v1.2 hyperref configuration of TeXLive
)
Package hyperref Info: Hyper figures OFF on input line 4535.
Package hyperref Info: Link nesting OFF on input line 4540.
Package hyperref Info: Hyper index ON on input line 4543.
Package hyperref Info: Plain pages OFF on input line 4550.
Package hyperref Info: Backreferencing OFF on input line 4555.
Package hyperref Info: Implicit mode ON; LaTeX internals redefined.
Package hyperref Info: Bookmarks ON on input line 4788.
\c@Hy@tempcnt=\count106
 (/usr/share/texlive/texmf-dist/tex/latex/url/url.sty
\Urlmuskip=\muskip11
Package: url 2013/09/16  ver 3.4  Verb mode for urls, etc.
)
LaTeX Info: Redefining \url on input line 5147.
\XeTeXLinkMargin=\dimen116
 (/usr/share/texlive/texmf-dist/tex/generic/oberdiek/bitset.sty
Package: bitset 2016/05/16 v1.2 Handle bit-vector datatype (HO)
 (/usr/share/texlive/texmf-dist/tex/generic/oberdiek/bigintcalc.sty
Package: bigintcalc 2016/05/16 v1.4 Expandable calculations on big integers (HO)
))
\Fld@menulength=\count107
\Field@Width=\dimen117
\Fld@charsize=\dimen118
Package hyperref Info: Hyper figures OFF on input line 6418.
Package hyperref Info: Link nesting OFF on input line 6423.
Package hyperref Info: Hyper index ON on input line 6426.
Package hyperref Info: backreferencing OFF on input line 6433.
Package hyperref Info: Link coloring OFF on input line 6438.
Package hyperref Info: Link coloring with OCG OFF on input line 6443.
Package hyperref Info: PDF/A mode OFF on input line 6448.
LaTeX Info: Redefining \ref on input line 6488.
LaTeX Info: Redefining \pageref on input line 6492.
 (/usr/share/texlive/texmf-dist/tex/generic/oberdiek/atbegshi.sty
Package: atbegshi 2016/06/09 v1.18 At begin shipout hook (HO)
)
\Hy@abspage=\count108
\c@Item=\count109
\c@Hfootnote=\count110
)
Package hyperref Info: Driver (autodetected): hpdftex.
 (/usr/share/texlive/texmf-dist/tex/latex/hyperref/hpdftex.def
File: hpdftex.def 2019/11/10 v7.00c Hyperref driver for pdfTeX
 (/usr/share/texlive/texmf-dist/tex/latex/oberdiek/atveryend.sty
Package: atveryend 2016/05/16 v1.9 Hooks at the very end of document (HO)
Package atveryend Info: \enddocument detected (standard20110627).
)
\Fld@listcount=\count111
\c@bookmark@seq@number=\count112
 (/usr/share/texlive/texmf-dist/tex/latex/oberdiek/rerunfilecheck.sty
Package: rerunfilecheck 2016/05/16 v1.8 Rerun checks for auxiliary files (HO)
 (/usr/share/texlive/texmf-dist/tex/generic/oberdiek/uniquecounter.sty
Package: uniquecounter 2016/05/16 v1.3 Provide unlimited unique counter (HO)
)
Package uniquecounter Info: New unique counter `rerunfilecheck' on input line 282.
)
\Hy@SectionHShift=\skip58
) (/usr/share/texlive/texmf-dist/tex/latex/tcolorbox/tcolorbox.sty
Package: tcolorbox 2019/09/19 version 4.21 text color boxes
 (/usr/share/texlive/texmf-dist/tex/latex/pgf/basiclayer/pgf.sty (/usr/share/texlive/texmf-dist/tex/latex/pgf/utilities/pgfrcs.sty (/usr/share/texlive/texmf-dist/tex/generic/pgf/utilities/pgfutil-common.tex
\pgfutil@everybye=\toks28
\pgfutil@tempdima=\dimen119
\pgfutil@tempdimb=\dimen120
 (/usr/share/texlive/texmf-dist/tex/generic/pgf/utilities/pgfutil-common-lists.tex)) (/usr/share/texlive/texmf-dist/tex/generic/pgf/utilities/pgfutil-latex.def
\pgfutil@abb=\box29
 (/usr/share/texlive/texmf-dist/tex/latex/ms/everyshi.sty
Package: everyshi 2001/05/15 v3.00 EveryShipout Package (MS)
)) (/usr/share/texlive/texmf-dist/tex/generic/pgf/utilities/pgfrcs.code.tex (/usr/share/texlive/texmf-dist/tex/generic/pgf/pgf.revision.tex)
Package: pgfrcs 2019/08/03 v3.1.4b (3.1.4b)
))
Package: pgf 2019/08/03 v3.1.4b (3.1.4b)
 (/usr/share/texlive/texmf-dist/tex/latex/pgf/basiclayer/pgfcore.sty (/usr/share/texlive/texmf-dist/tex/latex/pgf/systemlayer/pgfsys.sty (/usr/share/texlive/texmf-dist/tex/generic/pgf/systemlayer/pgfsys.code.tex
Package: pgfsys 2019/08/03 v3.1.4b (3.1.4b)
 (/usr/share/texlive/texmf-dist/tex/generic/pgf/utilities/pgfkeys.code.tex
\pgfkeys@pathtoks=\toks29
\pgfkeys@temptoks=\toks30
 (/usr/share/texlive/texmf-dist/tex/generic/pgf/utilities/pgfkeysfiltered.code.tex
\pgfkeys@tmptoks=\toks31
))
\pgf@x=\dimen121
\pgf@y=\dimen122
\pgf@xa=\dimen123
\pgf@ya=\dimen124
\pgf@xb=\dimen125
\pgf@yb=\dimen126
\pgf@xc=\dimen127
\pgf@yc=\dimen128
\pgf@xd=\dimen129
\pgf@yd=\dimen130
\w@pgf@writea=\write3
\r@pgf@reada=\read1
\c@pgf@counta=\count113
\c@pgf@countb=\count114
\c@pgf@countc=\count115
\c@pgf@countd=\count116
\t@pgf@toka=\toks32
\t@pgf@tokb=\toks33
\t@pgf@tokc=\toks34
\pgf@sys@id@count=\count117
 (/usr/share/texlive/texmf-dist/tex/generic/pgf/systemlayer/pgf.cfg
File: pgf.cfg 2019/08/03 v3.1.4b (3.1.4b)
)
Driver file for pgf: pgfsys-pdftex.def
 (/usr/share/texlive/texmf-dist/tex/generic/pgf/systemlayer/pgfsys-pdftex.def
File: pgfsys-pdftex.def 2019/08/03 v3.1.4b (3.1.4b)
 (/usr/share/texlive/texmf-dist/tex/generic/pgf/systemlayer/pgfsys-common-pdf.def
File: pgfsys-common-pdf.def 2019/08/03 v3.1.4b (3.1.4b)
))) (/usr/share/texlive/texmf-dist/tex/generic/pgf/systemlayer/pgfsyssoftpath.code.tex
File: pgfsyssoftpath.code.tex 2019/08/03 v3.1.4b (3.1.4b)
\pgfsyssoftpath@smallbuffer@items=\count118
\pgfsyssoftpath@bigbuffer@items=\count119
) (/usr/share/texlive/texmf-dist/tex/generic/pgf/systemlayer/pgfsysprotocol.code.tex
File: pgfsysprotocol.code.tex 2019/08/03 v3.1.4b (3.1.4b)
)) (/usr/share/texlive/texmf-dist/tex/latex/xcolor/xcolor.sty
Package: xcolor 2016/05/11 v2.12 LaTeX color extensions (UK)
 (/usr/share/texlive/texmf-dist/tex/latex/graphics-cfg/color.cfg
File: color.cfg 2016/01/02 v1.6 sample color configuration
)
Package xcolor Info: Driver file: pdftex.def on input line 225.
Package xcolor Info: Model `cmy' substituted by `cmy0' on input line 1348.
Package xcolor Info: Model `hsb' substituted by `rgb' on input line 1352.
Package xcolor Info: Model `RGB' extended on input line 1364.
Package xcolor Info: Model `HTML' substituted by `rgb' on input line 1366.
Package xcolor Info: Model `Hsb' substituted by `hsb' on input line 1367.
Package xcolor Info: Model `tHsb' substituted by `hsb' on input line 1368.
Package xcolor Info: Model `HSB' substituted by `hsb' on input line 1369.
Package xcolor Info: Model `Gray' substituted by `gray' on input line 1370.
Package xcolor Info: Model `wave' substituted by `hsb' on input line 1371.
) (/usr/share/texlive/texmf-dist/tex/generic/pgf/basiclayer/pgfcore.code.tex
Package: pgfcore 2019/08/03 v3.1.4b (3.1.4b)
 (/usr/share/texlive/texmf-dist/tex/generic/pgf/math/pgfmath.code.tex (/usr/share/texlive/texmf-dist/tex/generic/pgf/math/pgfmathcalc.code.tex (/usr/share/texlive/texmf-dist/tex/generic/pgf/math/pgfmathutil.code.tex) (/usr/share/texlive/texmf-dist/tex/generic/pgf/math/pgfmathparser.code.tex
\pgfmath@dimen=\dimen131
\pgfmath@count=\count120
\pgfmath@box=\box30
\pgfmath@toks=\toks35
\pgfmath@stack@operand=\toks36
\pgfmath@stack@operation=\toks37
) (/usr/share/texlive/texmf-dist/tex/generic/pgf/math/pgfmathfunctions.code.tex (/usr/share/texlive/texmf-dist/tex/generic/pgf/math/pgfmathfunctions.basic.code.tex) (/usr/share/texlive/texmf-dist/tex/generic/pgf/math/pgfmathfunctions.trigonometric.code.tex) (/usr/share/texlive/texmf-dist/tex/generic/pgf/math/pgfmathfunctions.random.code.tex) (/usr/share/texlive/texmf-dist/tex/generic/pgf/math/pgfmathfunctions.comparison.code.tex) (/usr/share/texlive/texmf-dist/tex/generic/pgf/math/pgfmathfunctions.base.code.tex) (/usr/share/texlive/texmf-dist/tex/generic/pgf/math/pgfmathfunctions.round.code.tex) (/usr/share/texlive/texmf-dist/tex/generic/pgf/math/pgfmathfunctions.misc.code.tex) (/usr/share/texlive/texmf-dist/tex/generic/pgf/math/pgfmathfunctions.integerarithmetics.code.tex))) (/usr/share/texlive/texmf-dist/tex/generic/pgf/math/pgfmathfloat.code.tex
\c@pgfmathroundto@lastzeros=\count121
)) (/usr/share/texlive/texmf-dist/tex/generic/pgf/math/pgfint.code.tex) (/usr/share/texlive/texmf-dist/tex/generic/pgf/basiclayer/pgfcorepoints.code.tex
File: pgfcorepoints.code.tex 2019/08/03 v3.1.4b (3.1.4b)
\pgf@picminx=\dimen132
\pgf@picmaxx=\dimen133
\pgf@picminy=\dimen134
\pgf@picmaxy=\dimen135
\pgf@pathminx=\dimen136
\pgf@pathmaxx=\dimen137
\pgf@pathminy=\dimen138
\pgf@pathmaxy=\dimen139
\pgf@xx=\dimen140
\pgf@xy=\dimen141
\pgf@yx=\dimen142
\pgf@yy=\dimen143
\pgf@zx=\dimen144
\pgf@zy=\dimen145
) (/usr/share/texlive/texmf-dist/tex/generic/pgf/basiclayer/pgfcorepathconstruct.code.tex
File: pgfcorepathconstruct.code.tex 2019/08/03 v3.1.4b (3.1.4b)
\pgf@path@lastx=\dimen146
\pgf@path@lasty=\dimen147
) (/usr/share/texlive/texmf-dist/tex/generic/pgf/basiclayer/pgfcorepathusage.code.tex
File: pgfcorepathusage.code.tex 2019/08/03 v3.1.4b (3.1.4b)
\pgf@shorten@end@additional=\dimen148
\pgf@shorten@start@additional=\dimen149
) (/usr/share/texlive/texmf-dist/tex/generic/pgf/basiclayer/pgfcorescopes.code.tex
File: pgfcorescopes.code.tex 2019/08/03 v3.1.4b (3.1.4b)
\pgfpic=\box31
\pgf@hbox=\box32
\pgf@layerbox@main=\box33
\pgf@picture@serial@count=\count122
) (/usr/share/texlive/texmf-dist/tex/generic/pgf/basiclayer/pgfcoregraphicstate.code.tex
File: pgfcoregraphicstate.code.tex 2019/08/03 v3.1.4b (3.1.4b)
\pgflinewidth=\dimen150
) (/usr/share/texlive/texmf-dist/tex/generic/pgf/basiclayer/pgfcoretransformations.code.tex
File: pgfcoretransformations.code.tex 2019/08/03 v3.1.4b (3.1.4b)
\pgf@pt@x=\dimen151
\pgf@pt@y=\dimen152
\pgf@pt@temp=\dimen153
) (/usr/share/texlive/texmf-dist/tex/generic/pgf/basiclayer/pgfcorequick.code.tex
File: pgfcorequick.code.tex 2019/08/03 v3.1.4b (3.1.4b)
) (/usr/share/texlive/texmf-dist/tex/generic/pgf/basiclayer/pgfcoreobjects.code.tex
File: pgfcoreobjects.code.tex 2019/08/03 v3.1.4b (3.1.4b)
) (/usr/share/texlive/texmf-dist/tex/generic/pgf/basiclayer/pgfcorepathprocessing.code.tex
File: pgfcorepathprocessing.code.tex 2019/08/03 v3.1.4b (3.1.4b)
) (/usr/share/texlive/texmf-dist/tex/generic/pgf/basiclayer/pgfcorearrows.code.tex
File: pgfcorearrows.code.tex 2019/08/03 v3.1.4b (3.1.4b)
\pgfarrowsep=\dimen154
) (/usr/share/texlive/texmf-dist/tex/generic/pgf/basiclayer/pgfcoreshade.code.tex
File: pgfcoreshade.code.tex 2019/08/03 v3.1.4b (3.1.4b)
\pgf@max=\dimen155
\pgf@sys@shading@range@num=\count123
\pgf@shadingcount=\count124
) (/usr/share/texlive/texmf-dist/tex/generic/pgf/basiclayer/pgfcoreimage.code.tex
File: pgfcoreimage.code.tex 2019/08/03 v3.1.4b (3.1.4b)
 (/usr/share/texlive/texmf-dist/tex/generic/pgf/basiclayer/pgfcoreexternal.code.tex
File: pgfcoreexternal.code.tex 2019/08/03 v3.1.4b (3.1.4b)
\pgfexternal@startupbox=\box34
)) (/usr/share/texlive/texmf-dist/tex/generic/pgf/basiclayer/pgfcorelayers.code.tex
File: pgfcorelayers.code.tex 2019/08/03 v3.1.4b (3.1.4b)
) (/usr/share/texlive/texmf-dist/tex/generic/pgf/basiclayer/pgfcoretransparency.code.tex
File: pgfcoretransparency.code.tex 2019/08/03 v3.1.4b (3.1.4b)
) (/usr/share/texlive/texmf-dist/tex/generic/pgf/basiclayer/pgfcorepatterns.code.tex
File: pgfcorepatterns.code.tex 2019/08/03 v3.1.4b (3.1.4b)
) (/usr/share/texlive/texmf-dist/tex/generic/pgf/basiclayer/pgfcorerdf.code.tex
File: pgfcorerdf.code.tex 2019/08/03 v3.1.4b (3.1.4b)
))) (/usr/share/texlive/texmf-dist/tex/generic/pgf/modules/pgfmoduleshapes.code.tex
File: pgfmoduleshapes.code.tex 2019/08/03 v3.1.4b (3.1.4b)
\pgfnodeparttextbox=\box35
) (/usr/share/texlive/texmf-dist/tex/generic/pgf/modules/pgfmoduleplot.code.tex
File: pgfmoduleplot.code.tex 2019/08/03 v3.1.4b (3.1.4b)
) (/usr/share/texlive/texmf-dist/tex/latex/pgf/compatibility/pgfcomp-version-0-65.sty
Package: pgfcomp-version-0-65 2019/08/03 v3.1.4b (3.1.4b)
\pgf@nodesepstart=\dimen156
\pgf@nodesepend=\dimen157
) (/usr/share/texlive/texmf-dist/tex/latex/pgf/compatibility/pgfcomp-version-1-18.sty
Package: pgfcomp-version-1-18 2019/08/03 v3.1.4b (3.1.4b)
)) (/usr/share/texlive/texmf-dist/tex/latex/tools/verbatim.sty
Package: verbatim 2019/11/10 v1.5r LaTeX2e package for verbatim enhancements
\every@verbatim=\toks38
\verbatim@line=\toks39
\verbatim@in@stream=\read2
) (/usr/share/texlive/texmf-dist/tex/latex/environ/environ.sty
Package: environ 2014/05/04 v0.3 A new way to define environments
 (/usr/share/texlive/texmf-dist/tex/latex/trimspaces/trimspaces.sty
Package: trimspaces 2009/09/17 v1.1 Trim spaces around a token list
)) (/usr/share/texlive/texmf-dist/tex/latex/etoolbox/etoolbox.sty
Package: etoolbox 2019/09/21 v2.5h e-TeX tools for LaTeX (JAW)
\etb@tempcnta=\count125
)
\tcb@titlebox=\box36
\tcb@upperbox=\box37
\tcb@lowerbox=\box38
\tcb@phantombox=\box39
\c@tcbbreakpart=\count126
\c@tcblayer=\count127
\tcolorbox@number=\count128
\tcb@temp=\box40
\tcb@temp=\box41
\tcb@temp=\box42
\tcb@temp=\box43
\tcb@out=\write4
\tcb@record@out=\write5
) (/usr/share/texlive/texmf-dist/tex/latex/geometry/geometry.sty
Package: geometry 2018/04/16 v5.8 Page Geometry
 (/usr/share/texlive/texmf-dist/tex/generic/iftex/ifvtex.sty
Package: ifvtex 2019/10/25 v1.7 ifvtex legacy package. Use iftex instead.
) (/usr/share/texlive/texmf-dist/tex/generic/iftex/ifxetex.sty
Package: ifxetex 2019/10/25 v0.7 ifxetex legacy package. Use iftex instead.
)
\Gm@cnth=\count129
\Gm@cntv=\count130
\c@Gm@tempcnt=\count131
\Gm@bindingoffset=\dimen158
\Gm@wd@mp=\dimen159
\Gm@odd@mp=\dimen160
\Gm@even@mp=\dimen161
\Gm@layoutwidth=\dimen162
\Gm@layoutheight=\dimen163
\Gm@layouthoffset=\dimen164
\Gm@layoutvoffset=\dimen165
\Gm@dimlist=\toks40
) (/usr/share/texlive/texmf-dist/tex/latex/fncychap/fncychap.sty
Package: fncychap 2007/07/30 v1.34 LaTeX package (Revised chapters)
\RW=\skip59
\mylen=\skip60
\myhi=\skip61
\px=\skip62
\py=\skip63
\pyy=\skip64
\pxx=\skip65
) (/usr/share/texlive/texmf-dist/tex/latex/booktabs/booktabs.sty
Package: booktabs 2019/10/08 v1.6180339 publication quality tables
\heavyrulewidth=\dimen166
\lightrulewidth=\dimen167
\cmidrulewidth=\dimen168
\belowrulesep=\dimen169
\belowbottomsep=\dimen170
\aboverulesep=\dimen171
\abovetopsep=\dimen172
\cmidrulesep=\dimen173
\cmidrulekern=\dimen174
\defaultaddspace=\dimen175
\@cmidla=\count132
\@cmidlb=\count133
\@aboverulesep=\dimen176
\@belowrulesep=\dimen177
\@thisruleclass=\count134
\@lastruleclass=\count135
\@thisrulewidth=\dimen178
) (/usr/share/texlive/texmf-dist/tex/latex/tools/longtable.sty
Package: longtable 2019/02/06 v4.12 Multi-page Table package (DPC)
\LTleft=\skip66
\LTright=\skip67
\LTpre=\skip68
\LTpost=\skip69
\LTchunksize=\count136
\LTcapwidth=\dimen179
\LT@head=\box44
\LT@firsthead=\box45
\LT@foot=\box46
\LT@lastfoot=\box47
\LT@cols=\count137
\LT@rows=\count138
\c@LT@tables=\count139
\c@LT@chunks=\count140
\LT@p@ftn=\toks41
) (/usr/share/texlive/texmf-dist/tex/latex/biblatex/biblatex.sty
Package: biblatex 2019/08/31 v3.13a programmable bibliographies (PK/MW)
 (/usr/share/texlive/texmf-dist/tex/latex/logreq/logreq.sty
Package: logreq 2010/08/04 v1.0 xml request logger
\lrq@indent=\count141
 (/usr/share/texlive/texmf-dist/tex/latex/logreq/logreq.def
File: logreq.def 2010/08/04 v1.0 logreq spec v1.0
)) (/usr/share/texlive/texmf-dist/tex/latex/base/ifthen.sty
Package: ifthen 2014/09/29 v1.1c Standard LaTeX ifthen package (DPC)
)
\c@tabx@nest=\count142
\c@listtotal=\count143
\c@listcount=\count144
\c@liststart=\count145
\c@liststop=\count146
\c@citecount=\count147
\c@citetotal=\count148
\c@multicitecount=\count149
\c@multicitetotal=\count150
\c@instcount=\count151
\c@maxnames=\count152
\c@minnames=\count153
\c@maxitems=\count154
\c@minitems=\count155
\c@citecounter=\count156
\c@maxcitecounter=\count157
\c@savedcitecounter=\count158
\c@uniquelist=\count159
\c@uniquename=\count160
\c@refsection=\count161
\c@refsegment=\count162
\c@maxextratitle=\count163
\c@maxextratitleyear=\count164
\c@maxextraname=\count165
\c@maxextradate=\count166
\c@maxextraalpha=\count167
\c@abbrvpenalty=\count168
\c@highnamepenalty=\count169
\c@lownamepenalty=\count170
\c@maxparens=\count171
\c@parenlevel=\count172
\blx@tempcnta=\count173
\blx@tempcntb=\count174
\blx@tempcntc=\count175
\blx@maxsection=\count176
\blx@maxsegment@0=\count177
\blx@notetype=\count178
\blx@parenlevel@text=\count179
\blx@parenlevel@foot=\count180
\blx@sectionciteorder@0=\count181
\blx@entrysetcounter=\count182
\labelnumberwidth=\skip70
\labelalphawidth=\skip71
\biblabelsep=\skip72
\bibitemsep=\skip73
\bibnamesep=\skip74
\bibinitsep=\skip75
\bibparsep=\skip76
\bibhang=\skip77
\blx@bcfin=\read3
\blx@bcfout=\write6
\blx@langwohyphens=\language85
\c@mincomprange=\count183
\c@maxcomprange=\count184
\c@mincompwidth=\count185
Package biblatex Info: Trying to load biblatex default data model...
Package biblatex Info: ... file 'blx-dm.def' found.
 (/usr/share/texlive/texmf-dist/tex/latex/biblatex/blx-dm.def
File: blx-dm.def 2019/08/31 v3.13a biblatex localization (PK/MW)
)
Package biblatex Info: Trying to load biblatex citestyle data model...
Package biblatex Info: ... file 'numeric.dbx' not found.
Package biblatex Info: Trying to load biblatex custom data model...
Package biblatex Info: ... file 'biblatex-dm.cfg' not found.
\c@afterword=\count186
\c@savedafterword=\count187
\c@annotator=\count188
\c@savedannotator=\count189
\c@author=\count190
\c@savedauthor=\count191
\c@bookauthor=\count192
\c@savedbookauthor=\count193
\c@commentator=\count194
\c@savedcommentator=\count195
\c@editor=\count196
\c@savededitor=\count197
\c@editora=\count198
\c@savededitora=\count199
\c@editorb=\count266
\c@savededitorb=\count267
\c@editorc=\count268
\c@savededitorc=\count269
\c@foreword=\count270
\c@savedforeword=\count271
\c@holder=\count272
\c@savedholder=\count273
\c@introduction=\count274
\c@savedintroduction=\count275
\c@namea=\count276
\c@savednamea=\count277
\c@nameb=\count278
\c@savednameb=\count279
\c@namec=\count280
\c@savednamec=\count281
\c@translator=\count282
\c@savedtranslator=\count283
\c@shortauthor=\count284
\c@savedshortauthor=\count285
\c@shorteditor=\count286
\c@savedshorteditor=\count287
\c@labelname=\count288
\c@savedlabelname=\count289
\c@institution=\count290
\c@savedinstitution=\count291
\c@lista=\count292
\c@savedlista=\count293
\c@listb=\count294
\c@savedlistb=\count295
\c@listc=\count296
\c@savedlistc=\count297
\c@listd=\count298
\c@savedlistd=\count299
\c@liste=\count300
\c@savedliste=\count301
\c@listf=\count302
\c@savedlistf=\count303
\c@location=\count304
\c@savedlocation=\count305
\c@organization=\count306
\c@savedorganization=\count307
\c@origlocation=\count308
\c@savedoriglocation=\count309
\c@origpublisher=\count310
\c@savedorigpublisher=\count311
\c@publisher=\count312
\c@savedpublisher=\count313
\c@language=\count314
\c@savedlanguage=\count315
\c@origlanguage=\count316
\c@savedoriglanguage=\count317
\c@pageref=\count318
\c@savedpageref=\count319
\shorthandwidth=\skip78
\shortjournalwidth=\skip79
\shortserieswidth=\skip80
\shorttitlewidth=\skip81
\shortauthorwidth=\skip82
\shorteditorwidth=\skip83
\locallabelnumberwidth=\skip84
\locallabelalphawidth=\skip85
\localshorthandwidth=\skip86
\localshortjournalwidth=\skip87
\localshortserieswidth=\skip88
\localshorttitlewidth=\skip89
\localshortauthorwidth=\skip90
\localshorteditorwidth=\skip91
Package biblatex Info: Trying to load compatibility code...
Package biblatex Info: ... file 'blx-compat.def' found.
 (/usr/share/texlive/texmf-dist/tex/latex/biblatex/blx-compat.def
File: blx-compat.def 2019/08/31 v3.13a biblatex compatibility (PK/MW)
)
Package biblatex Info: Trying to load generic definitions...
Package biblatex Info: ... file 'biblatex.def' found.
 (/usr/share/texlive/texmf-dist/tex/latex/biblatex/biblatex.def
File: biblatex.def 2019/08/31 v3.13a biblatex compatibility (PK/MW)
\c@textcitecount=\count320
\c@textcitetotal=\count321
\c@textcitemaxnames=\count322
\c@biburlbigbreakpenalty=\count323
\c@biburlbreakpenalty=\count324
\c@biburlnumpenalty=\count325
\c@biburlucpenalty=\count326
\c@biburllcpenalty=\count327
\biburlbigskip=\muskip12
\biburlnumskip=\muskip13
\biburlucskip=\muskip14
\biburllcskip=\muskip15
\c@smartand=\count328
)
Package biblatex Info: Trying to load bibliography style 'numeric'...
Package biblatex Info: ... file 'numeric.bbx' found.
 (/usr/share/texlive/texmf-dist/tex/latex/biblatex/bbx/numeric.bbx
File: numeric.bbx 2019/08/31 v3.13a biblatex bibliography style (PK/MW)
Package biblatex Info: Trying to load bibliography style 'standard'...
Package biblatex Info: ... file 'standard.bbx' found.
 (/usr/share/texlive/texmf-dist/tex/latex/biblatex/bbx/standard.bbx
File: standard.bbx 2019/08/31 v3.13a biblatex bibliography style (PK/MW)
\c@bbx:relatedcount=\count329
\c@bbx:relatedtotal=\count330
))
Package biblatex Info: Trying to load citation style 'numeric'...
Package biblatex Info: ... file 'numeric.cbx' found.
 (/usr/share/texlive/texmf-dist/tex/latex/biblatex/cbx/numeric.cbx
File: numeric.cbx 2019/08/31 v3.13a biblatex citation style (PK/MW)
Package biblatex Info: Redefining '\cite'.
Package biblatex Info: Redefining '\parencite'.
Package biblatex Info: Redefining '\footcite'.
Package biblatex Info: Redefining '\footcitetext'.
Package biblatex Info: Redefining '\smartcite'.
Package biblatex Info: Redefining '\supercite'.
Package biblatex Info: Redefining '\textcite'.
Package biblatex Info: Redefining '\textcites'.
Package biblatex Info: Redefining '\cites'.
Package biblatex Info: Redefining '\parencites'.
Package biblatex Info: Redefining '\smartcites'.
)
Package biblatex Info: Trying to load configuration file...
Package biblatex Info: ... file 'biblatex.cfg' found.
 (/usr/share/texlive/texmf-dist/tex/latex/biblatex/biblatex.cfg
File: biblatex.cfg 
))
\c@theorem=\count331
Package biblatex Info: Trying to load language 'english'...
Package biblatex Info: ... file 'english.lbx' found.
 (/usr/share/texlive/texmf-dist/tex/latex/biblatex/lbx/english.lbx
File: english.lbx 2019/08/31 v3.13a biblatex localization (PK/MW)
)

Package biblatex Warning: 'babel/polyglossia' detected but 'csquotes' missing.
(biblatex)                Loading 'csquotes' recommended.

\@quotelevel=\count332
\@quotereset=\count333
(/home/yohannjs/Documents/project_assigment/project_assignment.aux

LaTeX Warning: Label `tab:sup_classification_ml_models' multiply defined.

)
\openout1 = `project_assignment.aux'.

LaTeX Font Info:    Checking defaults for OML/cmm/m/it on input line 26.
LaTeX Font Info:    ... okay on input line 26.
LaTeX Font Info:    Checking defaults for T1/cmr/m/n on input line 26.
LaTeX Font Info:    ... okay on input line 26.
LaTeX Font Info:    Checking defaults for OT1/cmr/m/n on input line 26.
LaTeX Font Info:    ... okay on input line 26.
LaTeX Font Info:    Checking defaults for OMS/cmsy/m/n on input line 26.
LaTeX Font Info:    ... okay on input line 26.
LaTeX Font Info:    Checking defaults for OMX/cmex/m/n on input line 26.
LaTeX Font Info:    ... okay on input line 26.
LaTeX Font Info:    Checking defaults for U/cmr/m/n on input line 26.
LaTeX Font Info:    ... okay on input line 26.
LaTeX Font Info:    Checking defaults for PD1/pdf/m/n on input line 26.
LaTeX Font Info:    ... okay on input line 26.
 (/usr/share/texlive/texmf-dist/tex/context/base/mkii/supp-pdf.mkii
[Loading MPS to PDF converter (version 2006.09.02).]
\scratchcounter=\count334
\scratchdimen=\dimen180
\scratchbox=\box48
\nofMPsegments=\count335
\nofMParguments=\count336
\everyMPshowfont=\toks42
\MPscratchCnt=\count337
\MPscratchDim=\dimen181
\MPnumerator=\count338
\makeMPintoPDFobject=\count339
\everyMPtoPDFconversion=\toks43
) (/usr/share/texlive/texmf-dist/tex/latex/oberdiek/epstopdf-base.sty
Package: epstopdf-base 2016/05/15 v2.6 Base part for package epstopdf
 (/usr/share/texlive/texmf-dist/tex/latex/oberdiek/grfext.sty
Package: grfext 2016/05/16 v1.2 Manage graphics extensions (HO)
)
Package epstopdf-base Info: Redefining graphics rule for `.eps' on input line 438.
Package grfext Info: Graphics extension search list:
(grfext)             [.pdf,.png,.jpg,.mps,.jpeg,.jbig2,.jb2,.PDF,.PNG,.JPG,.JPEG,.JBIG2,.JB2,.eps]
(grfext)             \AppendGraphicsExtensions on input line 456.
 (/usr/share/texlive/texmf-dist/tex/latex/latexconfig/epstopdf-sys.cfg
File: epstopdf-sys.cfg 2010/07/13 v1.3 Configuration of (r)epstopdf for TeX Live
))
Package lastpage Info: Please have a look at the pageslts package at
(lastpage)             https://www.ctan.org/pkg/pageslts
(lastpage)             ! on input line 26.
\AtBeginShipoutBox=\box49
Package hyperref Info: Link coloring OFF on input line 26.
 (/usr/share/texlive/texmf-dist/tex/latex/hyperref/nameref.sty
Package: nameref 2019/09/16 v2.46 Cross-referencing by name of section
 (/usr/share/texlive/texmf-dist/tex/latex/oberdiek/refcount.sty
Package: refcount 2016/05/16 v3.5 Data extraction from label references (HO)
) (/usr/share/texlive/texmf-dist/tex/generic/oberdiek/gettitlestring.sty
Package: gettitlestring 2016/05/16 v1.5 Cleanup title references (HO)
)
\c@section@level=\count340
)
LaTeX Info: Redefining \ref on input line 26.
LaTeX Info: Redefining \pageref on input line 26.
LaTeX Info: Redefining \nameref on input line 26.
 (/home/yohannjs/Documents/project_assigment/project_assignment.out) (/home/yohannjs/Documents/project_assigment/project_assignment.out)
\@outlinefile=\write7
\openout7 = `project_assignment.out'.

 ABD: EveryShipout initializing macros
*geometry* driver: auto-detecting
*geometry* detected driver: pdftex
*geometry* verbose mode - [ preamble ] result:
* driver: pdftex
* paper: a4paper
* layout: <same size as paper>
* layoutoffset:(h,v)=(0.0pt,0.0pt)
* modes: 
* h-part:(L,W,R)=(72.26999pt, 452.9679pt, 72.26999pt)
* v-part:(T,H,B)=(72.26999pt, 700.50687pt, 72.26999pt)
* \paperwidth=597.50787pt
* \paperheight=845.04684pt
* \textwidth=452.9679pt
* \textheight=700.50687pt
* \oddsidemargin=0.0pt
* \evensidemargin=0.0pt
* \topmargin=-37.0pt
* \headheight=12.0pt
* \headsep=25.0pt
* \topskip=11.0pt
* \footskip=30.0pt
* \marginparwidth=50.0pt
* \marginparsep=10.0pt
* \columnsep=10.0pt
* \skip\footins=10.0pt plus 4.0pt minus 2.0pt
* \hoffset=0.0pt
* \voffset=0.0pt
* \mag=1000
* \@twocolumnfalse
* \@twosidefalse
* \@mparswitchfalse
* \@reversemarginfalse
* (1in=72.27pt=25.4mm, 1cm=28.453pt)

Package biblatex Info: Input encoding 'utf8' detected.
Package biblatex Info: Automatic encoding selection.
(biblatex)             Assuming data encoding 'utf8'.
\openout6 = `project_assignment.bcf'.

Package biblatex Info: Trying to load bibliographic data...
Package biblatex Info: ... file 'project_assignment.bbl' found.
(/home/yohannjs/Documents/project_assigment/project_assignment.bbl)
Package biblatex Info: Reference section=0 on input line 26.
Package biblatex Info: Reference segment=0 on input line 26.
 [1

{/var/lib/texmf/fonts/map/pdftex/updmap/pdftex.map}]pdfTeX warning (ext4): destination with the same identifier (name{page.1}) has been already used, duplicate ignored
<to be read again> 
                   \relax 
l.42     \end{abstract}
                        [1] (/home/yohannjs/Documents/project_assigment/project_assignment.toc
LaTeX Font Info:    Trying to load font information for U+msa on input line 6.
 (/usr/share/texlive/texmf-dist/tex/latex/amsfonts/umsa.fd
File: umsa.fd 2013/01/14 v3.01 AMS symbols A
)
LaTeX Font Info:    Trying to load font information for U+msb on input line 6.
 (/usr/share/texlive/texmf-dist/tex/latex/amsfonts/umsb.fd
File: umsb.fd 2013/01/14 v3.01 AMS symbols B
))
\tf@toc=\write8
\openout8 = `project_assignment.toc'.

pdfTeX warning (ext4): destination with the same identifier (name{page.1}) has been already used, duplicate ignored
<to be read again> 
                   \relax 
l.54 \newpage
              [1

] (/home/yohannjs/Documents/project_assigment/intro/intro.tex
Chapter 1.
LaTeX Font Info:    Trying to load font information for OT1+phv on input line 1.
(/usr/share/texlive/texmf-dist/tex/latex/psnfss/ot1phv.fd
File: ot1phv.fd 2001/06/04 scalable font definitions for OT1/phv.
)
LaTeX Font Info:    Trying to load font information for OT1+ptm on input line 1.
 (/usr/share/texlive/texmf-dist/tex/latex/psnfss/ot1ptm.fd
File: ot1ptm.fd 2001/06/04 font definitions for OT1/ptm.
)
Underfull \hbox (badness 10000) in paragraph at lines 7--7
[][][][]$\OT1/cmtt/m/n/9 https : / / www . statkraft . com / globalassets / old-[]contains-[]the-[]old-[]folder-[]structure / documents /
 []

[2

]) (/home/yohannjs/Documents/project_assigment/method/method.tex

Package Fancyhdr Warning: \headheight is too small (12.0pt): 
Make it at least 13.59999pt.
We now make it that large for the rest of the document.
This may cause the page layout to be inconsistent, however.

[3]
Chapter 2.
[4

]) (/home/yohannjs/Documents/project_assigment/wind_turbine/wind_turbine.tex [5]
Chapter 3.
<wind_turbine/wt_parts.png, id=153, 1529.715pt x 882.29625pt>
File: wind_turbine/wt_parts.png Graphic file (type png)
<use wind_turbine/wt_parts.png>
Package pdftex.def Info: wind_turbine/wt_parts.png  used on input line 8.
(pdftex.def)             Requested size: 362.37569pt x 209.00902pt.
LaTeX Font Info:    Trying to load font information for OMS+cmr on input line 21.
(/usr/share/texlive/texmf-dist/tex/latex/base/omscmr.fd
File: omscmr.fd 2014/09/29 v2.5h Standard LaTeX font definitions
)
LaTeX Font Info:    Font shape `OMS/cmr/m/n' in size <10.95> not available
(Font)              Font shape `OMS/cmsy/m/n' tried instead on input line 21.
 [6

 </home/yohannjs/Documents/project_assigment/wind_turbine/wt_parts.png>] [7] [8] [9]
Underfull \hbox (badness 1242) in paragraph at lines 125--125
[]\OT1/cmr/m/n/10.95 Hierarchical Ex-treme Learn-ing Ma-chine
 []

[10]) [11]
Chapter 4.
(/home/yohannjs/Documents/project_assigment/appendix/literetature_review_tables.tex
Overfull \hbox (5.72614pt too wide) in paragraph at lines 5--5
[]|\OT1/cmr/m/n/10.95 Ref.| 
 []


Overfull \hbox (3.44489pt too wide) in paragraph at lines 7--7
[]|\OT1/cmr/m/n/10.95 [[]13[]]| 
 []


Overfull \hbox (3.44489pt too wide) in paragraph at lines 8--8
[]|\OT1/cmr/m/n/10.95 [[]31[]]| 
 []


Overfull \hbox (3.44489pt too wide) in paragraph at lines 9--9
[]|\OT1/cmr/m/n/10.95 [[]48[]]| 
 []


Underfull \hbox (badness 10000) in paragraph at lines 9--9
[]|\OT1/cmr/m/n/10.95 Unsupervised use of RBMs for
 []


Overfull \hbox (3.44489pt too wide) in paragraph at lines 10--10
[]|\OT1/cmr/m/n/10.95 [[]14[]]| 
 []


Underfull \hbox (badness 10000) in paragraph at lines 10--10
[]|\OT1/cmr/m/n/10.95 Time-frequency do-main
 []


Underfull \hbox (badness 2512) in paragraph at lines 11--11
[]|\OT1/cmr/m/n/10.95 Neighbourhood com-po-nent anal-y-sis
 []


Overfull \hbox (3.44489pt too wide) in paragraph at lines 12--12
[]|\OT1/cmr/m/n/10.95 [[]24[]]| 
 []


Overfull \hbox (3.44489pt too wide) in paragraph at lines 13--13
[]|\OT1/cmr/m/n/10.95 [[]22[]]| 
 []


Overfull \hbox (3.44489pt too wide) in paragraph at lines 14--14
[]|\OT1/cmr/m/n/10.95 [[]44[]]| 
 []


Underfull \hbox (badness 8038) in paragraph at lines 14--14
\OT1/cmr/m/n/10.95 chine (H-ELM) for de-tec-tion of
 []


Overfull \hbox (3.44489pt too wide) in paragraph at lines 15--15
[]|\OT1/cmr/m/n/10.95 [[]25[]]| 
 []


Overfull \hbox (3.44489pt too wide) in paragraph at lines 16--16
[]|\OT1/cmr/m/n/10.95 [[]26[]]| 
 []


Overfull \hbox (3.44489pt too wide) in paragraph at lines 17--17
[]|\OT1/cmr/m/n/10.95 [[]49[]]| 
 []


Overfull \hbox (3.44489pt too wide) in paragraph at lines 18--18
[]|\OT1/cmr/m/n/10.95 [[]35[]]| 
 []


Underfull \hbox (badness 10000) in paragraph at lines 18--18
[]|\OT1/cmr/m/n/10.95 Oil tem-per-a-ture,
 []


Underfull \hbox (badness 2837) in paragraph at lines 18--18
\OT1/cmr/m/n/10.95 speed and ac-tive
 []


Overfull \hbox (3.44489pt too wide) in paragraph at lines 19--19
[]|\OT1/cmr/m/n/10.95 [[]19[]]| 
 []


Overfull \hbox (3.44489pt too wide) in paragraph at lines 20--20
[]|\OT1/cmr/m/n/10.95 [[]16[]]| 
 []


Underfull \hbox (badness 5359) in paragraph at lines 20--20
[]|\OT1/cmr/m/n/10.95 FAST wind tur-
 []


Overfull \hbox (3.44489pt too wide) in paragraph at lines 21--21
[]|\OT1/cmr/m/n/10.95 [[]36[]]| 
 []


Underfull \hbox (badness 1748) in paragraph at lines 21--21
[]|\OT1/cmr/m/n/10.95 Uses Auto-Associative Neu-ral Net-
 []


Overfull \hbox (3.44489pt too wide) in paragraph at lines 22--22
[]|\OT1/cmr/m/n/10.95 [[]27[]]| 
 []


Overfull \hbox (3.44489pt too wide) in paragraph at lines 23--23
[]|\OT1/cmr/m/n/10.95 [[]30[]]| 
 []


Overfull \hbox (3.44489pt too wide) in paragraph at lines 24--24
[]|\OT1/cmr/m/n/10.95 [[]40[]]| 
 []


Overfull \hbox (3.44489pt too wide) in paragraph at lines 25--25
[]|\OT1/cmr/m/n/10.95 [[]42[]]| 
 []


Overfull \hbox (16.2889pt too wide) in alignment at lines 3--25
 [] [] [] [] 
 []


Underfull \vbox (badness 10000) detected at line 25
 []


Overfull \hbox (3.44489pt too wide) in paragraph at lines 26--26
[]|\OT1/cmr/m/n/10.95 [[]29[]]| 
 []


Overfull \hbox (3.44489pt too wide) in paragraph at lines 27--27
[]|\OT1/cmr/m/n/10.95 [[]32[]]| 
 []


Underfull \hbox (badness 2035) in paragraph at lines 27--27
\OT1/cmr/m/n/10.95 drive end bear-ing. Uses $\OML/cmm/m/it/10.95 E[]$ \OT1/cmr/m/n/10.95 for
 []


Underfull \hbox (badness 3872) in paragraph at lines 28--28
[]|\OT1/cmr/m/n/10.95 Images taken by
 []


Overfull \hbox (3.44489pt too wide) in paragraph at lines 30--30
[]|\OT1/cmr/m/n/10.95 [[]17[]]| 
 []


Underfull \hbox (badness 3884) in paragraph at lines 30--30
[]|\OT1/cmr/m/n/10.95 Vibration sig-nals,
 []


Underfull \hbox (badness 10000) in paragraph at lines 30--30
\OT1/cmr/m/n/10.95 acus-tic emis-sion
 []


Underfull \hbox (badness 10000) in paragraph at lines 30--30
\OT1/cmr/m/n/10.95 and oil par-ti-cle
 []


Overfull \hbox (3.44489pt too wide) in paragraph at lines 31--31
[]|\OT1/cmr/m/n/10.95 [[]37[]]| 
 []


Overfull \hbox (3.44489pt too wide) in paragraph at lines 33--33
[]|\OT1/cmr/m/n/10.95 [[]43[]]| 
 []


Underfull \hbox (badness 6477) in paragraph at lines 33--33
[]|\OT1/cmr/m/n/10.95 Uses pitch po-si-
 []


Underfull \hbox (badness 1960) in paragraph at lines 33--33
\OT1/cmr/m/n/10.95 tion, ro-tor speed
 []


Underfull \hbox (badness 10000) in paragraph at lines 33--33
\OT1/cmr/m/n/10.95 and gen-er-a-tor
 []


Overfull \hbox (3.44489pt too wide) in paragraph at lines 34--34
[]|\OT1/cmr/m/n/10.95 [[]15[]]| 
 []


Overfull \hbox (3.44489pt too wide) in paragraph at lines 35--35
[]|\OT1/cmr/m/n/10.95 [[]18[]]| 
 []


Underfull \hbox (badness 3884) in paragraph at lines 35--35
[]|\OT1/cmr/m/n/10.95 Vibration sig-nals,
 []


Underfull \hbox (badness 10000) in paragraph at lines 35--35
\OT1/cmr/m/n/10.95 acus-tic emis-sion
 []


Underfull \hbox (badness 10000) in paragraph at lines 35--35
\OT1/cmr/m/n/10.95 and oil par-ti-cle
 []


Overfull \hbox (3.44489pt too wide) in paragraph at lines 36--36
[]|\OT1/cmr/m/n/10.95 [[]10[]]| 
 []


Overfull \hbox (3.44489pt too wide) in paragraph at lines 37--37
[]|\OT1/cmr/m/n/10.95 [[]11[]]| 
 []


Underfull \hbox (badness 1292) in paragraph at lines 37--37
[]|\OT1/cmr/m/n/10.95 Compress fea-tures with PCA, and
 []


Overfull \hbox (3.44489pt too wide) in paragraph at lines 38--38
[]|\OT1/cmr/m/n/10.95 [[]41[]]| 
 []


Underfull \hbox (badness 10000) in paragraph at lines 38--38
[]|\OT1/cmr/m/n/10.95 Uses the FAST
 []


Underfull \hbox (badness 10000) in paragraph at lines 38--38
\OT1/cmr/m/n/10.95 wind tur-bine
 []


Underfull \hbox (badness 5817) in paragraph at lines 38--38
\OT1/cmr/m/n/10.95 sim-u-la-tor to get
 []


Overfull \hbox (3.44489pt too wide) in paragraph at lines 39--39
[]|\OT1/cmr/m/n/10.95 [[]33[]]| 
 []


Underfull \hbox (badness 1406) in paragraph at lines 39--39
\OT1/cmr/m/n/10.95 uses $\OML/cmm/m/it/10.95 E[]$ \OT1/cmr/m/n/10.95 to-gether with the age of
 []


Underfull \hbox (badness 1383) in paragraph at lines 39--39
\OT1/cmr/m/n/10.95 the age of the tur-bine to pre-dict
 []


Overfull \hbox (3.44489pt too wide) in paragraph at lines 40--40
[]|\OT1/cmr/m/n/10.95 [[]28[]]| 
 []


Overfull \hbox (3.44489pt too wide) in paragraph at lines 41--41
[]|\OT1/cmr/m/n/10.95 [[]45[]]| 
 []


Underfull \hbox (badness 1354) in paragraph at lines 41--41
\OT1/cmr/m/n/10.95 a simulink model
 []


Overfull \hbox (3.44489pt too wide) in paragraph at lines 42--42
[]|\OT1/cmr/m/n/10.95 [[]34[]]| 
 []


Overfull \hbox (3.44489pt too wide) in paragraph at lines 43--43
[]|\OT1/cmr/m/n/10.95 [[]46[]]| 
 []


Overfull \hbox (3.44489pt too wide) in paragraph at lines 44--44
[]|\OT1/cmr/m/n/10.95 [[]38[]]| 
 []


Overfull \hbox (3.44489pt too wide) in paragraph at lines 45--45
[]|\OT1/cmr/m/n/10.95 [[]21[]]| 
 []


Underfull \hbox (badness 10000) in paragraph at lines 45--45
[]|\OT1/cmr/m/n/10.95 parallel fac-tor anal-y-sis
 []


Overfull \hbox (16.2889pt too wide) in alignment at lines 25--45
 [] [] [] [] 
 []

[12

]
Overfull \hbox (3.44489pt too wide) in paragraph at lines 46--46
[]|\OT1/cmr/m/n/10.95 [[]20[]]| 
 []


Overfull \hbox (3.44489pt too wide) in paragraph at lines 47--47
[]|\OT1/cmr/m/n/10.95 [[]23[]]| 
 []


Overfull \hbox (3.44489pt too wide) in paragraph at lines 48--48
[]|\OT1/cmr/m/n/10.95 [[]39[]]| 
 []


Overfull \hbox (3.44489pt too wide) in paragraph at lines 49--49
[]|\OT1/cmr/m/n/10.95 [[]50[]]| 
 []


Underfull \hbox (badness 2042) in paragraph at lines 50--50
[]|\OT1/cmr/m/n/10.95 Uses K-means clus-ter-ing to par-ti-
 []


Overfull \hbox (3.44489pt too wide) in paragraph at lines 51--51
[]|\OT1/cmr/m/n/10.95 [[]51[]]| 
 []


Overfull \hbox (3.44489pt too wide) in paragraph at lines 52--52
[]|\OT1/cmr/m/n/10.95 [[]47[]]| 
 []


Overfull \hbox (16.2889pt too wide) in alignment at lines 45--56
 [] [] [] [] 
 []

[13] [14]) [15] [16

] [17] [18] 
AED: lastpage setting LastPage
[19]
Package atveryend Info: Empty hook `BeforeClearDocument' on input line 72.
Package atveryend Info: Empty hook `AfterLastShipout' on input line 72.
 (/home/yohannjs/Documents/project_assigment/project_assignment.aux)
Package atveryend Info: Executing hook `AtVeryEndDocument' on input line 72.
Package atveryend Info: Executing hook `AtEndAfterFileList' on input line 72.
Package rerunfilecheck Info: File `project_assignment.out' has not changed.
(rerunfilecheck)             Checksum: 48B4F2A61B237E89DA9139662524AE18;1142.


LaTeX Warning: There were multiply-defined labels.

Package logreq Info: Writing requests to 'project_assignment.run.xml'.
\openout1 = `project_assignment.run.xml'.

Package atveryend Info: Empty hook `AtVeryVeryEnd' on input line 72.
 ) 
Here is how much of TeX's memory you used:
 24297 strings out of 492164
 468434 string characters out of 6127731
 951488 words of memory out of 5000000
 28105 multiletter control sequences out of 15000+600000
 21527 words of font info for 71 fonts, out of 8000000 for 9000
 1141 hyphenation exceptions out of 8191
 59i,11n,75p,2635b,1713s stack positions out of 5000i,500n,10000p,200000b,80000s
{/usr/share/texlive/texmf-dist/fonts/enc/dvips/base/8r.enc}</usr/share/texlive/texmf-dist/fonts/type1/public/amsfonts/cm/cmbx10.pfb></usr/share/texlive/texmf-dist/fonts/type1/public/amsfonts/cm/cmbx12.pfb></usr/share/texlive/texmf-dist/fonts/type1/public/amsfonts/cm/cmcsc10.pfb></usr/share/texlive/texmf-dist/fonts/type1/public/amsfonts/cm/cmmi10.pfb></usr/share/texlive/texmf-dist/fonts/type1/public/amsfonts/cm/cmmi8.pfb></usr/share/texlive/texmf-dist/fonts/type1/public/amsfonts/cm/cmr10.pfb></usr/share/texlive/texmf-dist/fonts/type1/public/amsfonts/cm/cmr12.pfb></usr/share/texlive/texmf-dist/fonts/type1/public/amsfonts/cm/cmr17.pfb></usr/share/texlive/texmf-dist/fonts/type1/public/amsfonts/cm/cmr6.pfb></usr/share/texlive/texmf-dist/fonts/type1/public/amsfonts/cm/cmr8.pfb></usr/share/texlive/texmf-dist/fonts/type1/public/amsfonts/cm/cmsy10.pfb></usr/share/texlive/texmf-dist/fonts/type1/public/amsfonts/cm/cmti10.pfb></usr/share/texlive/texmf-dist/fonts/type1/public/amsfonts/cm/cmtt10.pfb></usr/share/texlive/texmf-dist/fonts/type1/public/amsfonts/cm/cmtt9.pfb></usr/share/texlive/texmf-dist/fonts/type1/urw/helvetic/uhvr8a.pfb></usr/share/texlive/texmf-dist/fonts/type1/urw/times/utmr8a.pfb>
Output written on /home/yohannjs/Documents/project_assigment/project_assignment.pdf (21 pages, 1622414 bytes).
PDF statistics:
 537 PDF objects out of 1000 (max. 8388607)
 491 compressed objects within 5 object streams
 102 named destinations out of 1000 (max. 500000)
 154 words of extra memory for PDF output out of 10000 (max. 10000000)

